autoscan: warning: missing AC_CHECK_FUNCS([alarm]) wanted by: 
	timedrun.c:64
	timedrun.c:99
	testapp.c:1927
autoscan: warning: missing AC_CHECK_FUNCS([dup2]) wanted by: 
	testapp.c:481
	testapp.c:490
	daemon.c:68
	daemon.c:72
	daemon.c:76
autoscan: warning: missing AC_CHECK_FUNCS([gethostname]) wanted by: 
	sasl_defs.c:175
autoscan: warning: missing AC_CHECK_FUNCS([gettimeofday]) wanted by: 
	memcached.c:4438
autoscan: warning: missing AC_CHECK_FUNCS([memchr]) wanted by: 
	memcached.c:3474
autoscan: warning: missing AC_CHECK_FUNCS([memmove]) wanted by: 
	memcached.c:580
	memcached.c:1576
	memcached.c:3412
	memcached.c:3543
	memcached.c:3572
	memcached.c:3868
autoscan: warning: missing AC_CHECK_FUNCS([memset]) wanted by: 
	stats.c:39
	slabs.c:113
	slabs.c:209
	slabs.c:615
	sasl_defs.c:174
	memcached.c:253
	memcached.c:3122
	memcached.c:4356
	testapp.c:128
	testapp.c:584
	testapp.c:617
	testapp.c:759
	testapp.c:790
	testapp.c:813
	testapp.c:840
	testapp.c:868
	items.c:46
	items.c:429
	thread.c:699
	thread.c:851
autoscan: warning: missing AC_CHECK_FUNCS([putenv]) wanted by: 
	testapp.c:326
	testapp.c:328
	testapp.c:329
autoscan: warning: missing AC_CHECK_FUNCS([socket]) wanted by: 
	memcached.c:4075
	memcached.c:4310
	testapp.c:448
autoscan: warning: missing AC_CHECK_FUNCS([strchr]) wanted by: 
	memcached.c:4287
	memcached.c:5012
	util.c:29
	util.c:74
autoscan: warning: missing AC_CHECK_FUNCS([strdup]) wanted by: 
	memcached.c:4277
	memcached.c:4828
	cache.c:23
autoscan: warning: missing AC_CHECK_FUNCS([strerror]) wanted by: 
	slabs.c:861
	slabs.c:866
	assoc.c:277
	memcached.c:3911
	memcached.c:4658
	memcached.c:4665
	memcached.c:5117
	memcached.c:5182
	testapp.c:366
	testapp.c:394
	testapp.c:452
	testapp.c:459
	testapp.c:465
	testapp.c:506
	testapp.c:526
	testapp.c:548
	testapp.c:673
	testapp.c:694
	testapp.c:1762
	thread.c:310
autoscan: warning: missing AC_CHECK_FUNCS([strtol]) wanted by: 
	memcached.c:2326
	memcached.c:3304
	memcached.c:3341
	memcached.c:3342
	memcached.c:4781
	util.c:90
autoscan: warning: missing AC_CHECK_FUNCS([strtoul]) wanted by: 
	memcached.c:1240
	memcached.c:1325
	memcached.c:3192
	memcached.c:3205
	util.c:64
autoscan: warning: missing AC_CHECK_FUNCS([strtoull]) wanted by: 
	memcached.c:1072
	util.c:19
autoscan: warning: missing AC_CHECK_HEADERS([arpa/inet.h]) wanted by: 
	memcached.c:39
	testapp.c:8
autoscan: warning: missing AC_CHECK_HEADERS([fcntl.h]) wanted by: 
	slabs.c:15
	assoc.c:19
	memcached.c:37
	testapp.c:19
	items.c:7
	daemon.c:37
autoscan: warning: missing AC_CHECK_HEADERS([limits.h]) wanted by: 
	memcached.c:46
autoscan: warning: missing AC_CHECK_HEADERS([netdb.h]) wanted by: 
	testapp.c:7
	memcached.h:17
autoscan: warning: missing AC_CHECK_HEADERS([netinet/in.h]) wanted by: 
	slabs.c:16
	assoc.c:20
	testapp.c:9
	testapp.c:18
	items.c:8
	memcached.h:15
autoscan: warning: missing AC_CHECK_HEADERS([stddef.h]) wanted by: 
	memcached.c:48
autoscan: warning: missing AC_CHECK_HEADERS([sys/socket.h]) wanted by: 
	slabs.c:12
	assoc.c:16
	memcached.c:18
	testapp.c:5
	items.c:4
	memcached.h:13
autoscan: warning: missing AC_CHECK_HEADERS([sys/time.h]) wanted by: 
	memcached.h:14
autoscan: warning: missing AC_CHECK_TYPES([ptrdiff_t]) wanted by: 
	memcached.c:1546
autoscan: warning: missing AC_C_INLINE wanted by: 
	memcached.c:2462
	memcached.c:2498
	memcached.c:2705
	cache.c:48
	memcached.h:491
autoscan: warning: missing AC_FUNC_FORK wanted by: 
	timedrun.c:73
	testapp.c:316
	testapp.c:1827
	daemon.c:48
autoscan: warning: missing AC_FUNC_LSTAT_FOLLOWS_SLASHED_SYMLINK wanted by: 
	memcached.c:4343
autoscan: warning: missing AC_FUNC_MALLOC wanted by: 
	stats.c:99
	stats.c:186
	slabs.c:103
	slabs.c:376
	memcached.c:379
	memcached.c:380
	memcached.c:381
	memcached.c:382
	memcached.c:383
	memcached.c:384
	memcached.c:760
	memcached.c:4819
	testapp.c:1627
	testapp.c:1753
	items.c:391
	thread.c:265
	thread.c:345
	thread.c:850
	cache.c:79
autoscan: warning: missing AC_FUNC_REALLOC wanted by: 
	slabs.c:178
	memcached.c:242
	memcached.c:323
	memcached.c:582
	memcached.c:593
	memcached.c:602
	memcached.c:611
	memcached.c:671
	memcached.c:758
	memcached.c:1434
	memcached.c:1560
	memcached.c:2731
	memcached.c:2755
	memcached.c:3582
	cache.c:133
autoscan: warning: missing AC_TYPE_INT32_T wanted by: 
	memcached.c:2865
	memcached.c:2885
	memcached.c:2952
	testapp.c:258
	testapp.c:374
	testapp.c:404
	util.c:85
	util.h:13
autoscan: warning: missing AC_TYPE_INT64_T wanted by: 
	memcached.c:3053
	testapp.c:229
	util.c:39
	util.c:123
	util.h:11
	thread.c:578
	memcached.h:485
	memcached.h:523
autoscan: warning: missing AC_TYPE_OFF_T wanted by: 
	testapp.c:518
	testapp.c:542
	testapp.c:645
	testapp.c:689
	testapp.c:746
	testapp.c:769
	testapp.c:779
	testapp.c:797
	testapp.c:809
	testapp.c:817
	testapp.c:831
	testapp.c:851
	testapp.c:857
	testapp.c:879
	testapp.c:1643
autoscan: warning: missing AC_TYPE_PID_T wanted by: 
	timedrun.c:17
	timedrun.c:35
	timedrun.c:73
	memcached.c:2521
	memcached.c:4586
	testapp.c:30
	testapp.c:295
	testapp.c:316
	testapp.c:406
	testapp.c:414
	testapp.c:1790
	testapp.c:1828
	testapp.c:1832
	testapp.c:1833
autoscan: warning: missing AC_TYPE_SIZE_T wanted by: 
	stats.c:24
	stats.c:67
	stats.c:70
	stats.c:122
	stats.c:139
	stats.c:153
	stats.c:173
	slabs.c:39
	slabs.c:43
	slabs.c:44
	slabs.c:49
	slabs.c:61
	slabs.c:62
	slabs.c:80
	slabs.c:95
	slabs.c:141
	slabs.c:177
	slabs.c:203
	slabs.c:209
	slabs.c:220
	slabs.c:257
	slabs.c:371
	slabs.c:400
	slabs.c:409
	slabs.c:421
	slabs.c:421
	slabs.c:615
	hash.c:127
	hash.c:131
	hash.c:306
	hash.c:309
	sasl_defs.c:37
	hash.h:8
	stats.h:4
	stats.h:5
	stats.h:6
	assoc.c:77
	assoc.c:106
	assoc.c:178
	memcached.c:322
	memcached.c:379
	memcached.c:380
	memcached.c:580
	memcached.c:787
	memcached.c:962
	memcached.c:1034
	memcached.c:1199
	memcached.c:1291
	memcached.c:1416
	memcached.c:1417
	memcached.c:1418
	memcached.c:1458
	memcached.c:1464
	memcached.c:1476
	memcached.c:1548
	memcached.c:1549
	memcached.c:2147
	memcached.c:2379
	memcached.c:2405
	memcached.c:2405
	memcached.c:2407
	memcached.c:2408
	memcached.c:2462
	memcached.c:2628
	memcached.c:2705
	memcached.c:2707
	memcached.c:2861
	memcached.c:2863
	memcached.c:2949
	memcached.c:2951
	memcached.c:2992
	memcached.c:2996
	memcached.c:3052
	memcached.c:3133
	memcached.c:3135
	memcached.c:3185
	memcached.c:3198
	memcached.c:3221
	memcached.c:4639
	memcached.c:4642
	memcached.c:4796
	memcached.c:4818
	cache.h:54
	cache.h:83
	cache.h:83
	testapp.c:118
	testapp.c:520
	testapp.c:541
	testapp.c:597
	testapp.c:643
	testapp.c:663
	testapp.c:685
	testapp.c:709
	testapp.c:719
	testapp.c:747
	testapp.c:750
	testapp.c:752
	testapp.c:780
	testapp.c:783
	testapp.c:785
	testapp.c:809
	testapp.c:832
	testapp.c:835
	testapp.c:858
	testapp.c:861
	testapp.c:988
	testapp.c:1006
	testapp.c:1039
	testapp.c:1088
	testapp.c:1127
	testapp.c:1178
	testapp.c:1227
	testapp.c:1252
	testapp.c:1283
	testapp.c:1287
	testapp.c:1327
	testapp.c:1364
	testapp.c:1409
	testapp.c:1428
	testapp.c:1505
	testapp.c:1590
	testapp.c:1612
	testapp.c:1642
	testapp.c:1654
	testapp.c:1655
	testapp.c:1752
	testapp.c:1775
	testapp.c:1797
	items.c:80
	items.c:88
	items.c:94
	items.c:213
	items.c:219
	items.c:237
	items.c:241
	items.c:391
	items.c:521
	items.c:576
	sizes.c:5
	assoc.h:3
	assoc.h:5
	slabs.h:11
	slabs.h:19
	slabs.h:22
	slabs.h:25
	slabs.h:28
	slabs.h:28
	thread.c:483
	thread.c:494
	thread.c:504
	thread.c:577
	cache.c:19
	cache.c:19
	cache.c:132
	items.h:5
	items.h:7
	items.h:24
	items.h:25
	memcached.h:283
	memcached.h:445
	memcached.h:446
	memcached.h:484
	memcached.h:522
	memcached.h:529
	memcached.h:532
	memcached.h:533
autoscan: warning: missing AC_TYPE_SSIZE_T wanted by: 
	memcached.c:3689
	testapp.c:523
	testapp.c:545
	testapp.c:670
	testapp.c:691
	testapp.c:1810
autoscan: warning: missing AC_TYPE_UINT16_T wanted by: 
	hash.c:206
	memcached.c:917
	memcached.c:917
	memcached.c:935
	memcached.c:939
	memcached.c:1217
	memcached.c:1305
	memcached.c:1368
	memcached.c:1376
	memcached.c:1397
	memcached.c:1446
	protocol_binary.h:155
	protocol_binary.h:158
	protocol_binary.h:174
	protocol_binary.h:177
	protocol_binary.h:444
	testapp.c:886
	memcached.h:132
autoscan: warning: missing AC_TYPE_UINT32_T wanted by: 
	stats.c:69
	slabs.c:325
	slabs.c:523
	hash.c:125
	hash.c:128
	hash.c:130
	hash.c:134
	hash.c:138
	hash.c:189
	hash.c:190
	hash.c:193
	hash.c:194
	hash.c:197
	hash.c:198
	hash.c:212
	hash.c:213
	hash.c:214
	hash.c:224
	hash.c:225
	hash.c:226
	hash.c:228
	hash.c:230
	hash.c:231
	hash.c:234
	hash.c:235
	hash.c:237
	hash.c:239
	hash.c:242
	hash.c:244
	hash.c:259
	hash.c:260
	hash.c:261
	hash.c:263
	hash.c:264
	hash.c:265
	hash.c:267
	hash.c:268
	hash.c:269
	hash.c:278
	hash.c:279
	hash.c:280
	hash.c:282
	hash.c:283
	hash.c:284
	hash.c:286
	hash.c:287
	hash.c:288
	hash.c:306
	hash.c:306
	hash.c:308
	hash.c:312
	hash.c:316
	hash.c:367
	hash.c:368
	hash.c:369
	hash.c:371
	hash.c:372
	hash.c:373
	hash.c:375
	hash.c:376
	hash.c:377
	hash.c:389
	hash.c:390
	hash.c:391
	hash.c:392
	hash.c:393
	hash.c:394
	hash.c:395
	hash.c:396
	hash.c:397
	hash.c:398
	hash.c:399
	hash.c:400
	hash.c:410
	hash.c:411
	hash.c:412
	hash.c:414
	hash.c:415
	hash.c:416
	hash.c:418
	hash.c:419
	hash.c:420
	hash.h:8
	hash.h:8
	assoc.c:77
	assoc.c:106
	assoc.c:154
	assoc.c:178
	memcached.c:917
	memcached.c:1218
	memcached.c:1306
	memcached.c:1369
	memcached.c:1372
	memcached.c:1398
	memcached.c:1401
	memcached.c:1447
	memcached.c:1795
	memcached.c:2260
	memcached.c:2883
	memcached.c:3055
	protocol_binary.h:159
	protocol_binary.h:160
	protocol_binary.h:178
	protocol_binary.h:179
	protocol_binary.h:223
	protocol_binary.h:255
	protocol_binary.h:275
	protocol_binary.h:276
	protocol_binary.h:315
	protocol_binary.h:396
	protocol_binary.h:414
	protocol_binary.h:447
	testapp.c:37
	testapp.c:91
	testapp.c:104
	testapp.c:153
	testapp.c:170
	testapp.c:186
	testapp.c:753
	testapp.c:754
	testapp.c:809
	testapp.c:836
	testapp.c:864
	items.c:90
	items.c:115
	items.c:291
	items.c:314
	items.c:331
	items.c:369
	items.c:521
	items.c:576
	items.c:577
	assoc.h:3
	assoc.h:4
	assoc.h:5
	util.c:56
	util.h:12
	thread.c:59
	thread.c:124
	thread.c:140
	thread.c:152
	thread.c:496
	thread.c:504
	thread.c:506
	thread.c:519
	thread.c:533
	thread.c:546
	thread.c:554
	thread.c:565
	thread.c:581
	thread.c:595
	items.h:5
	items.h:9
	items.h:10
	items.h:11
	items.h:14
	items.h:24
	items.h:25
	items.h:25
	memcached.h:133
	memcached.h:486
	memcached.h:487
	memcached.h:533
	memcached.h:536
	memcached.h:545
	memcached.h:546
	memcached.h:548
autoscan: warning: missing AC_TYPE_UINT64_T wanted by: 
	stats.c:25
	stats.c:26
	stats.c:27
	stats.c:28
	stats.c:230
	stats.c:230
	slabs.c:648
	slabs.c:652
	slabs.c:653
	slabs.c:654
	memcached.c:846
	memcached.c:1037
	memcached.c:1143
	memcached.c:2161
	memcached.c:2868
	memcached.c:2994
	memcached.c:3054
	memcached.c:3057
	protocol_binary.h:161
	protocol_binary.h:180
	protocol_binary.h:313
	protocol_binary.h:314
	protocol_binary.h:331
	testapp.c:44
	testapp.c:47
	testapp.c:54
	testapp.c:54
	testapp.c:57
	testapp.c:58
	testapp.c:72
	testapp.c:72
	testapp.c:75
	testapp.c:210
	testapp.c:862
	testapp.c:863
	testapp.c:1038
	testapp.c:1082
	testapp.c:1121
	testapp.c:1645
	items.c:29
	items.c:30
	items.c:32
	items.c:33
	items.c:34
	items.c:35
	items.c:36
	items.c:52
	items.c:53
	items.c:96
	items.c:244
	items.c:418
	sizes.c:18
	util.c:14
	util.c:119
	util.c:119
	util.c:136
	util.c:136
	util.c:140
	util.c:140
	util.h:10
	util.h:16
	util.h:16
	util.h:17
	util.h:17
	thread.c:579
	cache.c:13
	cache.c:50
	cache.c:95
	cache.c:118
	items.h:2
	items.h:28
	memcached.h:83
	memcached.h:92
	memcached.h:95
	memcached.h:99
	memcached.h:103
	memcached.h:210
	memcached.h:211
	memcached.h:212
	memcached.h:213
	memcached.h:214
	memcached.h:215
	memcached.h:216
	memcached.h:217
	memcached.h:225
	memcached.h:226
	memcached.h:227
	memcached.h:228
	memcached.h:229
	memcached.h:230
	memcached.h:231
	memcached.h:232
	memcached.h:233
	memcached.h:234
	memcached.h:235
	memcached.h:236
	memcached.h:237
	memcached.h:238
	memcached.h:249
	memcached.h:252
	memcached.h:255
	memcached.h:256
	memcached.h:257
	memcached.h:258
	memcached.h:259
	memcached.h:260
	memcached.h:261
	memcached.h:262
	memcached.h:263
	memcached.h:266
	memcached.h:268
	memcached.h:270
	memcached.h:271
	memcached.h:273
	memcached.h:342
	memcached.h:452
	memcached.h:486
	memcached.h:524
autoscan: warning: missing AC_TYPE_UINT8_T wanted by: 
	hash.c:140
	hash.c:185
	hash.c:207
	hash.c:221
	hash.c:253
	hash.c:318
	hash.c:363
	hash.c:384
	memcached.c:917
	memcached.c:933
	memcached.c:937
	memcached.c:938
	memcached.c:1374
	memcached.c:1377
	protocol_binary.h:153
	protocol_binary.h:154
	protocol_binary.h:156
	protocol_binary.h:157
	protocol_binary.h:163
	protocol_binary.h:172
	protocol_binary.h:173
	protocol_binary.h:175
	protocol_binary.h:176
	protocol_binary.h:182
	protocol_binary.h:192
	protocol_binary.h:202
	protocol_binary.h:226
	protocol_binary.h:258
	protocol_binary.h:279
	protocol_binary.h:318
	protocol_binary.h:334
	protocol_binary.h:399
	protocol_binary.h:417
	protocol_binary.h:445
	protocol_binary.h:446
	protocol_binary.h:450
	testapp.c:648
	testapp.c:649
	testapp.c:731
	testapp.c:732
	testapp.c:748
	testapp.c:781
	testapp.c:809
	testapp.c:833
	testapp.c:859
	testapp.c:886
	testapp.c:1000
	testapp.c:1032
	testapp.c:1081
	testapp.c:1120
	testapp.c:1172
	testapp.c:1221
	testapp.c:1276
	testapp.c:1320
	testapp.c:1357
	testapp.c:1421
	testapp.c:1497
	testapp.c:1605
	testapp.c:1653
	testapp.c:1653
	items.c:80
	items.c:81
	items.c:83
	items.c:91
	items.c:239
	thread.c:125
	thread.c:153
	memcached.h:335
	memcached.h:336
	memcached.h:337
	memcached.h:338
	memcached.h:360
	memcached.h:474
